<?xml version="1.0" encoding="UTF-8" standalone="yes"?>
<testsuites time="0.062" tests="1" failures="0" errors="0">
    <testsuite tests="1" failures="0" errors="0" time="0.062" timestamp="2016-12-16T11:40:01">
        <properties>
            <property name="awt.toolkit" value="sun.awt.windows.WToolkit"/>
            <property name="classworlds.conf" value="C:\Users\ecsedigergo\eclipse\swsv\java-neon\eclipse\workspace\.metadata\.plugins\org.eclipse.m2e.launching\launches\m2conf2451318763444974964.tmp"/>
            <property name="env.ALLUSERSPROFILE" value="C:\ProgramData"/>
            <property name="env.APPDATA" value="C:\Users\ecsedigergo\AppData\Roaming"/>
            <property name="env.COMMONPROGRAMFILES" value="C:\Program Files\Common Files"/>
            <property name="env.COMMONPROGRAMFILES(X86)" value="C:\Program Files (x86)\Common Files"/>
            <property name="env.COMMONPROGRAMW6432" value="C:\Program Files\Common Files"/>
            <property name="env.COMPUTERNAME" value="ECSEDIGERGO-PC"/>
            <property name="env.COMSPEC" value="C:\WINDOWS\system32\cmd.exe"/>
            <property name="env.C_EM64T_REDIST11" value="C:\Program Files (x86)\Common Files\Intel\Shared Files\cpp\"/>
            <property name="env.ESET_OPTIONS" value="                                                                                                                                                                                                                                                                                                                                                                                                                                                                                                                               "/>
            <property name="env.FPS_BROWSER_APP_PROFILE_STRING" value="Internet Explorer"/>
            <property name="env.FPS_BROWSER_USER_PROFILE_STRING" value="Default"/>
            <property name="env.FP_NO_HOST_CHECK" value="NO"/>
            <property name="env.HOMEDRIVE" value="C:"/>
            <property name="env.HOMEPATH" value="\Users\ecsedigergo"/>
            <property name="env.JAVA_HOME" value="C:\Program Files\Java\jdk1.8.0_65"/>
            <property name="env.LOCALAPPDATA" value="C:\Users\ecsedigergo\AppData\Local"/>
            <property name="env.LOGONSERVER" value="\\ECSEDIGERGO-PC"/>
            <property name="env.NUMBER_OF_PROCESSORS" value="8"/>
            <property name="env.OS" value="Windows_NT"/>
            <property name="env.PATH" value="C:/Program Files/Java/jre1.8.0_111/bin/server;C:/Program Files/Java/jre1.8.0_111/bin;C:/Program Files/Java/jre1.8.0_111/lib/amd64;C:\Program Files (x86)\Common Files\Intel\Shared Files\cpp\bin\Intel64;C:\ProgramData\Oracle\Java\javapath;C:\Windows\system32;C:\Windows;C:\Windows\System32\Wbem;C:\Windows\System32\WindowsPowerShell\v1.0\;C:\Program Files\Intel\WiFi\bin\;C:\Program Files\Common Files\Intel\WirelessCommon\;C:\Program Files (x86)\Intel\OpenCL SDK\2.0\bin\x86;C:\Program Files (x86)\Intel\OpenCL SDK\2.0\bin\x64;C:\Program Files (x86)\Skype\Phone\;C:\Users\ecsedigergo\.dnx\bin;C:\Program Files\Microsoft DNX\Dnvm\;C:\Program Files (x86)\Windows Kits\8.1\Windows Performance Toolkit\;C:\Program Files\Microsoft SQL Server\120\Tools\Binn\;C:\Program Files (x86)\NVIDIA Corporation\PhysX\Common;C:\WINDOWS\system32;C:\WINDOWS;C:\WINDOWS\System32\Wbem;C:\WINDOWS\System32\WindowsPowerShell\v1.0\;C:\Program Files\Microsoft SQL Server\Client SDK\ODBC\110\Tools\Binn\;C:\Program Files (x86)\Microsoft SQL Server\120\Tools\Binn\;C:\Program Files\Microsoft SQL Server\120\DTS\Binn\;C:\Program Files (x86)\Microsoft SQL Server\120\Tools\Binn\ManagementStudio\;C:\Program Files (x86)\Microsoft SQL Server\120\DTS\Binn\;C:\Program Files\OpenVPN\bin;C:\Program Files\MiKTeX 2.9\miktex\bin\x64\;C:\Program Files\Intel\WiFi\bin\;C:\Program Files\Common Files\Intel\WirelessCommon\;C:\Users\ecsedigergo\AppData\Local\Microsoft\WindowsApps;C:\Program Files\Java\jdk1.8.0_65\bin;C:\Python27;C:\Program Files\Maven\apache-maven-3.3.9\bin;C:\Python27\;c:\Users\ecsedigergo\Documents\PyModel\bin;c:\Users\ecsedigergo\Documents\PyModel\pymodel;C:\Users\ecsedigergo\eclipse\swsv\java-neon\eclipse;"/>
            <property name="env.PATHEXT" value=".COM;.EXE;.BAT;.CMD;.VBS;.VBE;.JS;.JSE;.WSF;.WSH;.MSC;.PY"/>
            <property name="env.PROCESSOR_ARCHITECTURE" value="AMD64"/>
            <property name="env.PROCESSOR_IDENTIFIER" value="Intel64 Family 6 Model 42 Stepping 7, GenuineIntel"/>
            <property name="env.PROCESSOR_LEVEL" value="6"/>
            <property name="env.PROCESSOR_REVISION" value="2a07"/>
            <property name="env.PROGRAMDATA" value="C:\ProgramData"/>
            <property name="env.PROGRAMFILES" value="C:\Program Files"/>
            <property name="env.PROGRAMFILES(X86)" value="C:\Program Files (x86)"/>
            <property name="env.PROGRAMW6432" value="C:\Program Files"/>
            <property name="env.PSMODULEPATH" value="C:\WINDOWS\system32\WindowsPowerShell\v1.0\Modules\;C:\Program Files (x86)\Microsoft SQL Server\120\Tools\PowerShell\Modules\"/>
            <property name="env.PUBLIC" value="C:\Users\Public"/>
            <property name="env.PYTHONPATH" value=".;c:\Users\ecsedigergo\Documents\PyModel\pymodel"/>
            <property name="env.SESSIONNAME" value="Console"/>
            <property name="env.SYSTEMDRIVE" value="C:"/>
            <property name="env.SYSTEMROOT" value="C:\WINDOWS"/>
            <property name="env.TEMP" value="C:\Users\ECSEDI~1\AppData\Local\Temp"/>
            <property name="env.TMP" value="C:\Users\ECSEDI~1\AppData\Local\Temp"/>
            <property name="env.USERDOMAIN" value="ECSEDIGERGO-PC"/>
            <property name="env.USERDOMAIN_ROAMINGPROFILE" value="ECSEDIGERGO-PC"/>
            <property name="env.USERNAME" value="ecsedigergo"/>
            <property name="env.USERPROFILE" value="C:\Users\ecsedigergo"/>
            <property name="env.VS140COMNTOOLS" value="C:\Program Files (x86)\Microsoft Visual Studio 14.0\Common7\Tools\"/>
            <property name="env.VSSDK140INSTALL" value="C:\Program Files (x86)\Microsoft Visual Studio 14.0\VSSDK\"/>
            <property name="env.WINDIR" value="C:\WINDOWS"/>
            <property name="env.WINDOWS_TRACING_FLAGS" value="3"/>
            <property name="env.WINDOWS_TRACING_LOGFILE" value="C:\BVTBin\Tests\installpackage\csilogfile.log"/>
            <property name="file.encoding" value="Cp1250"/>
            <property name="file.encoding.pkg" value="sun.io"/>
            <property name="file.separator" value="\"/>
            <property name="java.awt.graphicsenv" value="sun.awt.Win32GraphicsEnvironment"/>
            <property name="java.awt.printerjob" value="sun.awt.windows.WPrinterJob"/>
            <property name="java.class.path" value="/C:/Users/ecsedigergo/eclipse/swsv/java-neon/eclipse/../../../../.p2/pool/plugins/org.eclipse.m2e.maven.runtime_1.7.0.20160603-1931/jars/plexus-classworlds-2.5.2.jar"/>
            <property name="java.class.version" value="52.0"/>
            <property name="java.endorsed.dirs" value="C:\Program Files\Java\jdk1.8.0_65\jre\lib\endorsed"/>
            <property name="java.ext.dirs" value="C:\Program Files\Java\jdk1.8.0_65\jre\lib\ext;C:\WINDOWS\Sun\Java\lib\ext"/>
            <property name="java.home" value="C:\Program Files\Java\jdk1.8.0_65\jre"/>
            <property name="java.io.tmpdir" value="C:\Users\ECSEDI~1\AppData\Local\Temp\"/>
            <property name="java.library.path" value="C:\Program Files\Java\jdk1.8.0_65\bin;C:\WINDOWS\Sun\Java\bin;C:\WINDOWS\system32;C:\WINDOWS;C:/Program Files/Java/jre1.8.0_111/bin/server;C:/Program Files/Java/jre1.8.0_111/bin;C:/Program Files/Java/jre1.8.0_111/lib/amd64;C:\Program Files (x86)\Common Files\Intel\Shared Files\cpp\bin\Intel64;C:\ProgramData\Oracle\Java\javapath;C:\Windows\system32;C:\Windows;C:\Windows\System32\Wbem;C:\Windows\System32\WindowsPowerShell\v1.0\;C:\Program Files\Intel\WiFi\bin\;C:\Program Files\Common Files\Intel\WirelessCommon\;C:\Program Files (x86)\Intel\OpenCL SDK\2.0\bin\x86;C:\Program Files (x86)\Intel\OpenCL SDK\2.0\bin\x64;C:\Program Files (x86)\Skype\Phone\;C:\Users\ecsedigergo\.dnx\bin;C:\Program Files\Microsoft DNX\Dnvm\;C:\Program Files (x86)\Windows Kits\8.1\Windows Performance Toolkit\;C:\Program Files\Microsoft SQL Server\120\Tools\Binn\;C:\Program Files (x86)\NVIDIA Corporation\PhysX\Common;C:\WINDOWS\system32;C:\WINDOWS;C:\WINDOWS\System32\Wbem;C:\WINDOWS\System32\WindowsPowerShell\v1.0\;C:\Program Files\Microsoft SQL Server\Client SDK\ODBC\110\Tools\Binn\;C:\Program Files (x86)\Microsoft SQL Server\120\Tools\Binn\;C:\Program Files\Microsoft SQL Server\120\DTS\Binn\;C:\Program Files (x86)\Microsoft SQL Server\120\Tools\Binn\ManagementStudio\;C:\Program Files (x86)\Microsoft SQL Server\120\DTS\Binn\;C:\Program Files\OpenVPN\bin;C:\Program Files\MiKTeX 2.9\miktex\bin\x64\;C:\Program Files\Intel\WiFi\bin\;C:\Program Files\Common Files\Intel\WirelessCommon\;C:\Users\ecsedigergo\AppData\Local\Microsoft\WindowsApps;C:\Program Files\Java\jdk1.8.0_65\bin;C:\Python27;C:\Program Files\Maven\apache-maven-3.3.9\bin;C:\Python27\;c:\Users\ecsedigergo\Documents\PyModel\bin;c:\Users\ecsedigergo\Documents\PyModel\pymodel;C:\Users\ecsedigergo\eclipse\swsv\java-neon\eclipse;;."/>
            <property name="java.runtime.name" value="Java(TM) SE Runtime Environment"/>
            <property name="java.runtime.version" value="1.8.0_65-b17"/>
            <property name="java.specification.name" value="Java Platform API Specification"/>
            <property name="java.specification.vendor" value="Oracle Corporation"/>
            <property name="java.specification.version" value="1.8"/>
            <property name="java.vendor" value="Oracle Corporation"/>
            <property name="java.vendor.url" value="http://java.oracle.com/"/>
            <property name="java.vendor.url.bug" value="http://bugreport.sun.com/bugreport/"/>
            <property name="java.version" value="1.8.0_65"/>
            <property name="java.vm.info" value="mixed mode"/>
            <property name="java.vm.name" value="Java HotSpot(TM) 64-Bit Server VM"/>
            <property name="java.vm.specification.name" value="Java Virtual Machine Specification"/>
            <property name="java.vm.specification.vendor" value="Oracle Corporation"/>
            <property name="java.vm.specification.version" value="1.8"/>
            <property name="java.vm.vendor" value="Oracle Corporation"/>
            <property name="java.vm.version" value="25.65-b01"/>
            <property name="line.separator" value="&#xD;&#xA;"/>
            <property name="maven.build.version" value="Apache Maven 3.3.9 (bb52d8502b132ec0a5a3f4c09453c07478323dc5; 2015-11-10T17:41:47+01:00)"/>
            <property name="maven.home" value="C:\Users\ecsedigergo\git\MScThesisLatex\mvnGate\GarageGate\EMBEDDED"/>
            <property name="maven.multiModuleProjectDirectory" value="C:\Users\ecsedigergo\git\MScThesisLatex\mvnGate\GarageGate"/>
            <property name="maven.version" value="3.3.9"/>
            <property name="os.arch" value="amd64"/>
            <property name="os.name" value="Windows 10"/>
            <property name="os.version" value="10.0"/>
            <property name="path.separator" value=";"/>
            <property name="sun.arch.data.model" value="64"/>
            <property name="sun.boot.class.path" value="C:\Program Files\Java\jdk1.8.0_65\jre\lib\resources.jar;C:\Program Files\Java\jdk1.8.0_65\jre\lib\rt.jar;C:\Program Files\Java\jdk1.8.0_65\jre\lib\sunrsasign.jar;C:\Program Files\Java\jdk1.8.0_65\jre\lib\jsse.jar;C:\Program Files\Java\jdk1.8.0_65\jre\lib\jce.jar;C:\Program Files\Java\jdk1.8.0_65\jre\lib\charsets.jar;C:\Program Files\Java\jdk1.8.0_65\jre\lib\jfr.jar;C:\Program Files\Java\jdk1.8.0_65\jre\classes"/>
            <property name="sun.boot.library.path" value="C:\Program Files\Java\jdk1.8.0_65\jre\bin"/>
            <property name="sun.cpu.endian" value="little"/>
            <property name="sun.cpu.isalist" value="amd64"/>
            <property name="sun.desktop" value="windows"/>
            <property name="sun.io.unicode.encoding" value="UnicodeLittle"/>
            <property name="sun.java.command" value="org.codehaus.plexus.classworlds.launcher.Launcher -B graphwalker:test"/>
            <property name="sun.java.launcher" value="SUN_STANDARD"/>
            <property name="sun.jnu.encoding" value="Cp1250"/>
            <property name="sun.management.compiler" value="HotSpot 64-Bit Tiered Compilers"/>
            <property name="sun.os.patch.level" value=""/>
            <property name="user.country" value="US"/>
            <property name="user.country.format" value="HU"/>
            <property name="user.dir" value="C:\Users\ecsedigergo\git\MScThesisLatex\mvnGate\GarageGate"/>
            <property name="user.home" value="C:\Users\ecsedigergo"/>
            <property name="user.language" value="en"/>
            <property name="user.language.format" value="hu"/>
            <property name="user.name" value="ecsedigergo"/>
            <property name="user.script" value=""/>
            <property name="user.timezone" value=""/>
            <property name="user.variant" value=""/>
        </properties>
        <testcase name="LightingModelTest" time="0.062" classname="hu.bme.mit.GarageGate.LightingModelTest"/>
    </testsuite>
</testsuites>
